2022-11-01 17:33:01,260 INFO  [org.jboss.modules] (main) JBoss Modules version 1.10.2.Final
2022-11-01 17:33:01,861 FATAL [org.jboss.as.server] (main) WFLYSRV0239: Aborting with exit code 1
2022-11-01 17:34:43,510 INFO  [org.jboss.modules] (main) JBoss Modules version 1.10.2.Final
2022-11-01 17:34:44,062 FATAL [org.jboss.as.server] (main) WFLYSRV0239: Aborting with exit code 1
2022-11-01 17:35:54,967 INFO  [org.jboss.modules] (main) JBoss Modules version 1.10.2.Final
2022-11-01 17:37:45,558 INFO  [org.jboss.modules] (main) JBoss Modules version 1.10.2.Final
2022-11-01 17:37:46,201 INFO  [org.jboss.msc] (main) JBoss MSC version 1.4.12.Final
2022-11-01 17:37:46,219 INFO  [org.jboss.threads] (main) JBoss Threads version 2.4.0.Final
2022-11-01 17:37:46,409 INFO  [org.jboss.as] (MSC service thread 1-2) WFLYSRV0049: Keycloak 12.0.4 (WildFly Core 13.0.3.Final) starting
2022-11-01 17:37:46,413 DEBUG [org.jboss.as.config] (MSC service thread 1-2) Configured system properties:
	[Standalone] = 
	awt.toolkit = sun.awt.X11.XToolkit
	file.encoding = UTF-8
	file.encoding.pkg = sun.io
	file.separator = /
	java.awt.graphicsenv = sun.awt.X11GraphicsEnvironment
	java.awt.headless = true
	java.awt.printerjob = sun.print.PSPrinterJob
	java.class.path = /home/vishal/Documents/OAuthTraining_zeroToMaster/keycloak-12.0.4/jboss-modules.jar
	java.class.version = 52.0
	java.endorsed.dirs = /usr/lib/jvm/openlogic-openjdk-8-hotspot-amd64/jre/lib/endorsed
	java.ext.dirs = /usr/lib/jvm/openlogic-openjdk-8-hotspot-amd64/jre/lib/ext:/usr/java/packages/lib/ext
	java.home = /usr/lib/jvm/openlogic-openjdk-8-hotspot-amd64/jre
	java.io.tmpdir = /tmp
	java.library.path = /usr/java/packages/lib/amd64:/usr/lib64:/lib64:/lib:/usr/lib
	java.net.preferIPv4Stack = true
	java.runtime.name = OpenJDK Runtime Environment
	java.runtime.version = 1.8.0_342-342-b07
	java.specification.name = Java Platform API Specification
	java.specification.vendor = Oracle Corporation
	java.specification.version = 1.8
	java.util.logging.manager = org.jboss.logmanager.LogManager
	java.vendor = OpenLogic-OpenJDK
	java.vendor.url = http://java.oracle.com/
	java.vendor.url.bug = http://bugreport.sun.com/bugreport/
	java.version = 1.8.0_342-342
	java.vm.info = mixed mode
	java.vm.name = OpenJDK 64-Bit Server VM
	java.vm.specification.name = Java Virtual Machine Specification
	java.vm.specification.vendor = Oracle Corporation
	java.vm.specification.version = 1.8
	java.vm.vendor = OpenLogic-OpenJDK
	java.vm.version = 25.342-b07
	javax.management.builder.initial = org.jboss.as.jmx.PluggableMBeanServerBuilder
	jboss.home.dir = /home/vishal/Documents/OAuthTraining_zeroToMaster/keycloak-12.0.4
	jboss.host.name = vishal-pc
	jboss.modules.dir = /home/vishal/Documents/OAuthTraining_zeroToMaster/keycloak-12.0.4/modules
	jboss.modules.system.pkgs = org.jboss.byteman
	jboss.node.name = vishal-pc
	jboss.qualified.host.name = vishal-pc
	jboss.server.base.dir = /home/vishal/Documents/OAuthTraining_zeroToMaster/keycloak-12.0.4/standalone
	jboss.server.config.dir = /home/vishal/Documents/OAuthTraining_zeroToMaster/keycloak-12.0.4/standalone/configuration
	jboss.server.data.dir = /home/vishal/Documents/OAuthTraining_zeroToMaster/keycloak-12.0.4/standalone/data
	jboss.server.deploy.dir = /home/vishal/Documents/OAuthTraining_zeroToMaster/keycloak-12.0.4/standalone/data/content
	jboss.server.log.dir = /home/vishal/Documents/OAuthTraining_zeroToMaster/keycloak-12.0.4/standalone/log
	jboss.server.name = vishal-pc
	jboss.server.persist.config = true
	jboss.server.temp.dir = /home/vishal/Documents/OAuthTraining_zeroToMaster/keycloak-12.0.4/standalone/tmp
	line.separator = 

	logging.configuration = file:/home/vishal/Documents/OAuthTraining_zeroToMaster/keycloak-12.0.4/standalone/configuration/logging.properties
	module.path = /home/vishal/Documents/OAuthTraining_zeroToMaster/keycloak-12.0.4/modules
	org.jboss.boot.log.file = /home/vishal/Documents/OAuthTraining_zeroToMaster/keycloak-12.0.4/standalone/log/server.log
	org.jboss.resolver.warning = true
	os.arch = amd64
	os.name = Linux
	os.version = 5.15.0-52-generic
	path.separator = :
	sun.arch.data.model = 64
	sun.boot.class.path = /usr/lib/jvm/openlogic-openjdk-8-hotspot-amd64/jre/lib/resources.jar:/usr/lib/jvm/openlogic-openjdk-8-hotspot-amd64/jre/lib/rt.jar:/usr/lib/jvm/openlogic-openjdk-8-hotspot-amd64/jre/lib/sunrsasign.jar:/usr/lib/jvm/openlogic-openjdk-8-hotspot-amd64/jre/lib/jsse.jar:/usr/lib/jvm/openlogic-openjdk-8-hotspot-amd64/jre/lib/jce.jar:/usr/lib/jvm/openlogic-openjdk-8-hotspot-amd64/jre/lib/charsets.jar:/usr/lib/jvm/openlogic-openjdk-8-hotspot-amd64/jre/lib/jfr.jar:/usr/lib/jvm/openlogic-openjdk-8-hotspot-amd64/jre/classes
	sun.boot.library.path = /usr/lib/jvm/openlogic-openjdk-8-hotspot-amd64/jre/lib/amd64
	sun.cpu.endian = little
	sun.cpu.isalist = 
	sun.desktop = gnome
	sun.io.unicode.encoding = UnicodeLittle
	sun.java.command = /home/vishal/Documents/OAuthTraining_zeroToMaster/keycloak-12.0.4/jboss-modules.jar -mp /home/vishal/Documents/OAuthTraining_zeroToMaster/keycloak-12.0.4/modules org.jboss.as.standalone -Djboss.home.dir=/home/vishal/Documents/OAuthTraining_zeroToMaster/keycloak-12.0.4 -Djboss.server.base.dir=/home/vishal/Documents/OAuthTraining_zeroToMaster/keycloak-12.0.4/standalone
	sun.java.launcher = SUN_STANDARD
	sun.jnu.encoding = UTF-8
	sun.management.compiler = HotSpot 64-Bit Tiered Compilers
	sun.os.patch.level = unknown
	user.country = IN
	user.dir = /home/vishal/Documents/OAuthTraining_zeroToMaster/keycloak-12.0.4/bin
	user.home = /home/vishal
	user.language = en
	user.name = vishal
	user.timezone = Asia/Kolkata
2022-11-01 17:37:46,414 DEBUG [org.jboss.as.config] (MSC service thread 1-2) VM Arguments: -D[Standalone] -Xms64m -Xmx512m -XX:MetaspaceSize=96M -XX:MaxMetaspaceSize=256m -Djava.net.preferIPv4Stack=true -Djboss.modules.system.pkgs=org.jboss.byteman -Djava.awt.headless=true -Dorg.jboss.boot.log.file=/home/vishal/Documents/OAuthTraining_zeroToMaster/keycloak-12.0.4/standalone/log/server.log -Dlogging.configuration=file:/home/vishal/Documents/OAuthTraining_zeroToMaster/keycloak-12.0.4/standalone/configuration/logging.properties 
2022-11-01 17:37:47,449 INFO  [org.wildfly.security] (ServerService Thread Pool -- 19) ELY00001: WildFly Elytron version 1.13.1.Final
2022-11-01 17:37:48,129 INFO  [org.jboss.as.controller.management-deprecated] (Controller Boot Thread) WFLYCTL0028: Attribute 'security-realm' in the resource at address '/core-service=management/management-interface=http-interface' is deprecated, and may be removed in a future version. See the attribute description in the output of the read-resource-description operation to learn more about the deprecation.
2022-11-01 17:37:48,168 INFO  [org.jboss.as.controller.management-deprecated] (ServerService Thread Pool -- 22) WFLYCTL0028: Attribute 'security-realm' in the resource at address '/subsystem=undertow/server=default-server/https-listener=https' is deprecated, and may be removed in a future version. See the attribute description in the output of the read-resource-description operation to learn more about the deprecation.
2022-11-01 17:37:48,375 INFO  [org.jboss.as.server] (Controller Boot Thread) WFLYSRV0039: Creating http management service using socket-binding (management-http)
2022-11-01 17:37:48,405 INFO  [org.xnio] (MSC service thread 1-2) XNIO version 3.8.2.Final
2022-11-01 17:37:48,417 INFO  [org.xnio.nio] (MSC service thread 1-2) XNIO NIO Implementation Version 3.8.2.Final
2022-11-01 17:37:48,460 INFO  [org.wildfly.extension.io] (ServerService Thread Pool -- 36) WFLYIO001: Worker 'default' has auto-configured to 16 IO threads with 128 max task threads based on your 8 available processors
2022-11-01 17:37:48,467 INFO  [org.jboss.as.clustering.infinispan] (ServerService Thread Pool -- 37) WFLYCLINF0001: Activating Infinispan subsystem.
2022-11-01 17:37:48,487 WARN  [org.jboss.as.txn] (ServerService Thread Pool -- 49) WFLYTX0013: The node-identifier attribute on the /subsystem=transactions is set to the default value. This is a danger for environments running multiple servers. Please make sure the attribute value is unique.
2022-11-01 17:37:48,506 INFO  [org.wildfly.extension.microprofile.config.smallrye._private] (ServerService Thread Pool -- 51) WFLYCONF0001: Activating WildFly MicroProfile Config Subsystem
2022-11-01 17:37:48,520 INFO  [org.jboss.as.naming] (ServerService Thread Pool -- 43) WFLYNAM0001: Activating Naming Subsystem
2022-11-01 17:37:48,531 INFO  [org.jboss.as.jaxrs] (ServerService Thread Pool -- 38) WFLYRS0016: RESTEasy version 3.13.2.Final
2022-11-01 17:37:48,544 INFO  [org.jboss.as.security] (ServerService Thread Pool -- 48) WFLYSEC0002: Activating Security Subsystem
2022-11-01 17:37:48,555 INFO  [org.jboss.as.security] (MSC service thread 1-4) WFLYSEC0001: Current PicketBox version=5.0.3.Final-redhat-00006
2022-11-01 17:37:48,559 INFO  [org.wildfly.extension.microprofile.metrics.smallrye] (ServerService Thread Pool -- 53) WFLYMETRICS0001: Activating Eclipse MicroProfile Metrics Subsystem
2022-11-01 17:37:48,562 INFO  [org.wildfly.extension.microprofile.health.smallrye] (ServerService Thread Pool -- 52) WFLYHEALTH0001: Activating Eclipse MicroProfile Health Subsystem
2022-11-01 17:37:48,570 INFO  [org.wildfly.extension.undertow] (MSC service thread 1-1) WFLYUT0003: Undertow 2.2.2.Final starting
2022-11-01 17:37:48,591 INFO  [org.jboss.as.connector.subsystems.datasources] (ServerService Thread Pool -- 32) WFLYJCA0004: Deploying JDBC-compliant driver class org.h2.Driver (version 1.4)
2022-11-01 17:37:48,605 INFO  [org.jboss.as.connector] (MSC service thread 1-1) WFLYJCA0009: Starting JCA Subsystem (WildFly/IronJacamar 1.4.23.Final)
2022-11-01 17:37:48,651 INFO  [org.jboss.as.connector.deployers.jdbc] (MSC service thread 1-8) WFLYJCA0018: Started Driver service with driver-name = h2
2022-11-01 17:37:48,675 INFO  [org.jboss.as.naming] (MSC service thread 1-3) WFLYNAM0003: Starting Naming Service
2022-11-01 17:37:48,707 INFO  [org.jboss.remoting] (MSC service thread 1-7) JBoss Remoting version 5.0.19.Final
2022-11-01 17:37:48,708 WARN  [org.wildfly.clustering.web.undertow] (ServerService Thread Pool -- 54) WFLYCLWEBUT0007: No routing provider found for default-server; using legacy provider based on static configuration
2022-11-01 17:37:48,753 INFO  [org.jboss.as.mail.extension] (MSC service thread 1-3) WFLYMAIL0001: Bound mail session [java:jboss/mail/Default]
2022-11-01 17:37:48,828 INFO  [org.wildfly.extension.undertow] (ServerService Thread Pool -- 54) WFLYUT0014: Creating file handler for path '/home/vishal/Documents/OAuthTraining_zeroToMaster/keycloak-12.0.4/welcome-content' with options [directory-listing: 'false', follow-symlink: 'false', case-sensitive: 'true', safe-symlink-paths: '[]']
2022-11-01 17:37:48,864 INFO  [org.jboss.as.ejb3] (MSC service thread 1-2) WFLYEJB0482: Strict pool mdb-strict-max-pool is using a max instance size of 32 (per class), which is derived from the number of CPUs on this host.
2022-11-01 17:37:48,865 INFO  [org.jboss.as.ejb3] (MSC service thread 1-1) WFLYEJB0481: Strict pool slsb-strict-max-pool is using a max instance size of 128 (per class), which is derived from thread worker pool sizing.
2022-11-01 17:37:48,875 INFO  [org.wildfly.extension.undertow] (MSC service thread 1-5) WFLYUT0012: Started server default-server.
2022-11-01 17:37:48,878 INFO  [org.wildfly.extension.undertow] (MSC service thread 1-5) WFLYUT0018: Host default-host starting
2022-11-01 17:37:49,032 INFO  [org.wildfly.extension.undertow] (MSC service thread 1-2) WFLYUT0006: Undertow HTTP listener default listening on 127.0.0.1:8080
2022-11-01 17:37:49,187 INFO  [org.jboss.as.ejb3] (MSC service thread 1-1) WFLYEJB0493: EJB subsystem suspension complete
2022-11-01 17:37:49,313 INFO  [org.jboss.as.connector.subsystems.datasources] (MSC service thread 1-2) WFLYJCA0001: Bound data source [java:jboss/datasources/KeycloakDS]
2022-11-01 17:37:49,313 INFO  [org.jboss.as.connector.subsystems.datasources] (MSC service thread 1-6) WFLYJCA0001: Bound data source [java:jboss/datasources/ExampleDS]
2022-11-01 17:37:49,321 INFO  [org.jboss.as.patching] (MSC service thread 1-5) WFLYPAT0050: Keycloak cumulative patch ID is: base, one-off patches include: none
2022-11-01 17:37:49,349 WARN  [org.jboss.as.domain.management.security] (MSC service thread 1-4) WFLYDM0111: Keystore /home/vishal/Documents/OAuthTraining_zeroToMaster/keycloak-12.0.4/standalone/configuration/application.keystore not found, it will be auto generated on first use with a self signed certificate for host localhost
2022-11-01 17:37:49,360 INFO  [org.jboss.as.server.deployment.scanner] (MSC service thread 1-4) WFLYDS0013: Started FileSystemDeploymentService for directory /home/vishal/Documents/OAuthTraining_zeroToMaster/keycloak-12.0.4/standalone/deployments
2022-11-01 17:37:49,392 INFO  [org.jboss.as.server.deployment] (MSC service thread 1-2) WFLYSRV0027: Starting deployment of "keycloak-server.war" (runtime-name: "keycloak-server.war")
2022-11-01 17:37:49,770 INFO  [org.wildfly.extension.undertow] (MSC service thread 1-6) WFLYUT0006: Undertow HTTPS listener https listening on 127.0.0.1:8443
2022-11-01 17:37:50,685 INFO  [org.infinispan.CONTAINER] (ServerService Thread Pool -- 57) ISPN000128: Infinispan version: Infinispan 'Corona Extra' 11.0.4.Final
2022-11-01 17:37:50,761 INFO  [org.infinispan.CONFIG] (MSC service thread 1-6) ISPN000152: Passivation configured without an eviction policy being selected. Only manually evicted entities will be passivated.
2022-11-01 17:37:50,764 INFO  [org.infinispan.CONFIG] (MSC service thread 1-6) ISPN000152: Passivation configured without an eviction policy being selected. Only manually evicted entities will be passivated.
2022-11-01 17:37:50,873 INFO  [org.infinispan.PERSISTENCE] (ServerService Thread Pool -- 57) ISPN000556: Starting user marshaller 'org.wildfly.clustering.infinispan.marshalling.jboss.JBossMarshaller'
2022-11-01 17:37:50,874 INFO  [org.infinispan.PERSISTENCE] (ServerService Thread Pool -- 56) ISPN000556: Starting user marshaller 'org.wildfly.clustering.infinispan.spi.marshalling.InfinispanProtoStreamMarshaller'
2022-11-01 17:37:51,185 INFO  [org.jboss.as.clustering.infinispan] (ServerService Thread Pool -- 56) WFLYCLINF0002: Started http-remoting-connector cache from ejb container
2022-11-01 17:37:51,221 INFO  [org.jboss.as.clustering.infinispan] (ServerService Thread Pool -- 63) WFLYCLINF0002: Started offlineClientSessions cache from keycloak container
2022-11-01 17:37:51,221 INFO  [org.jboss.as.clustering.infinispan] (ServerService Thread Pool -- 58) WFLYCLINF0002: Started clientSessions cache from keycloak container
2022-11-01 17:37:51,224 INFO  [org.jboss.as.clustering.infinispan] (ServerService Thread Pool -- 65) WFLYCLINF0002: Started work cache from keycloak container
2022-11-01 17:37:51,224 INFO  [org.jboss.as.clustering.infinispan] (ServerService Thread Pool -- 57) WFLYCLINF0002: Started actionTokens cache from keycloak container
2022-11-01 17:37:51,224 INFO  [org.jboss.as.clustering.infinispan] (ServerService Thread Pool -- 62) WFLYCLINF0002: Started loginFailures cache from keycloak container
2022-11-01 17:37:51,226 INFO  [org.jboss.as.clustering.infinispan] (ServerService Thread Pool -- 66) WFLYCLINF0002: Started sessions cache from keycloak container
2022-11-01 17:37:51,226 INFO  [org.jboss.as.clustering.infinispan] (ServerService Thread Pool -- 64) WFLYCLINF0002: Started authenticationSessions cache from keycloak container
2022-11-01 17:37:51,226 INFO  [org.jboss.as.clustering.infinispan] (ServerService Thread Pool -- 60) WFLYCLINF0002: Started offlineSessions cache from keycloak container
2022-11-01 17:37:51,282 INFO  [org.jboss.as.clustering.infinispan] (ServerService Thread Pool -- 68) WFLYCLINF0002: Started users cache from keycloak container
2022-11-01 17:37:51,282 INFO  [org.jboss.as.clustering.infinispan] (ServerService Thread Pool -- 67) WFLYCLINF0002: Started realms cache from keycloak container
2022-11-01 17:37:51,282 INFO  [org.jboss.as.clustering.infinispan] (ServerService Thread Pool -- 59) WFLYCLINF0002: Started authorization cache from keycloak container
2022-11-01 17:37:51,290 INFO  [org.jboss.as.clustering.infinispan] (ServerService Thread Pool -- 61) WFLYCLINF0002: Started keys cache from keycloak container
2022-11-01 17:37:51,501 WARN  [org.jboss.as.server.deployment] (MSC service thread 1-4) WFLYSRV0273: Excluded subsystem webservices via jboss-deployment-structure.xml does not exist.
2022-11-01 17:37:52,362 INFO  [org.keycloak.services] (ServerService Thread Pool -- 59) KC-SERVICES0001: Loading config from standalone.xml or domain.xml
2022-11-01 17:37:52,997 INFO  [org.keycloak.url.DefaultHostnameProviderFactory] (ServerService Thread Pool -- 59) Frontend: <request>, Admin: <frontend>, Backend: <request>
2022-11-01 17:37:53,022 WARN  [org.infinispan.encoding.impl.StorageConfigurationManager] (ServerService Thread Pool -- 59) ISPN000599: Configuration for cache 'realmRevisions' does not define the encoding for keys or values. If you use operations that require data conversion or queries, you should configure the cache with a specific MediaType for keys or values.
2022-11-01 17:37:53,031 INFO  [org.jboss.as.clustering.infinispan] (ServerService Thread Pool -- 59) WFLYCLINF0002: Started realmRevisions cache from keycloak container
2022-11-01 17:37:53,033 WARN  [org.infinispan.encoding.impl.StorageConfigurationManager] (ServerService Thread Pool -- 59) ISPN000599: Configuration for cache 'userRevisions' does not define the encoding for keys or values. If you use operations that require data conversion or queries, you should configure the cache with a specific MediaType for keys or values.
2022-11-01 17:37:53,037 INFO  [org.jboss.as.clustering.infinispan] (ServerService Thread Pool -- 59) WFLYCLINF0002: Started userRevisions cache from keycloak container
2022-11-01 17:37:53,039 WARN  [org.infinispan.encoding.impl.StorageConfigurationManager] (ServerService Thread Pool -- 59) ISPN000599: Configuration for cache 'authorizationRevisions' does not define the encoding for keys or values. If you use operations that require data conversion or queries, you should configure the cache with a specific MediaType for keys or values.
2022-11-01 17:37:53,044 INFO  [org.jboss.as.clustering.infinispan] (ServerService Thread Pool -- 59) WFLYCLINF0002: Started authorizationRevisions cache from keycloak container
2022-11-01 17:37:53,046 INFO  [org.keycloak.connections.infinispan.DefaultInfinispanConnectionProviderFactory] (ServerService Thread Pool -- 59) Node name: vishal-pc, Site name: null
2022-11-01 17:37:54,445 INFO  [org.keycloak.connections.jpa.DefaultJpaConnectionProviderFactory] (ServerService Thread Pool -- 59) Database info: {databaseUrl=jdbc:h2:/home/vishal/Documents/OAuthTraining_zeroToMaster/keycloak-12.0.4/standalone/data/keycloak, databaseUser=SA, databaseProduct=H2 1.4.197 (2018-03-18), databaseDriver=H2 JDBC Driver 1.4.197 (2018-03-18)}
2022-11-01 17:37:57,495 INFO  [org.keycloak.connections.jpa.updater.liquibase.LiquibaseJpaUpdaterProvider] (ServerService Thread Pool -- 59) Initializing database schema. Using changelog META-INF/jpa-changelog-master.xml
2022-11-01 17:37:59,424 INFO  [org.hibernate.jpa.internal.util.LogHelper] (ServerService Thread Pool -- 59) HHH000204: Processing PersistenceUnitInfo [
	name: keycloak-default
	...]
2022-11-01 17:37:59,516 INFO  [org.hibernate.Version] (ServerService Thread Pool -- 59) HHH000412: Hibernate Core {5.3.20.Final}
2022-11-01 17:37:59,519 INFO  [org.hibernate.cfg.Environment] (ServerService Thread Pool -- 59) HHH000206: hibernate.properties not found
2022-11-01 17:37:59,722 INFO  [org.hibernate.annotations.common.Version] (ServerService Thread Pool -- 59) HCANN000001: Hibernate Commons Annotations {5.0.5.Final}
2022-11-01 17:37:59,946 INFO  [org.hibernate.dialect.Dialect] (ServerService Thread Pool -- 59) HHH000400: Using dialect: org.hibernate.dialect.H2Dialect
2022-11-01 17:37:59,957 WARN  [org.hibernate.dialect.H2Dialect] (ServerService Thread Pool -- 59) HHH000431: Unable to determine H2 database version, certain features may not work
2022-11-01 17:38:00,009 INFO  [org.hibernate.envers.boot.internal.EnversServiceImpl] (ServerService Thread Pool -- 59) Envers integration enabled? : true
2022-11-01 17:38:00,634 INFO  [org.hibernate.orm.beans] (ServerService Thread Pool -- 59) HHH10005002: No explicit CDI BeanManager reference was passed to Hibernate, but CDI is available on the Hibernate ClassLoader.
2022-11-01 17:38:00,716 INFO  [org.hibernate.validator.internal.util.Version] (ServerService Thread Pool -- 59) HV000001: Hibernate Validator 6.0.21.Final
2022-11-01 17:38:02,293 INFO  [org.hibernate.hql.internal.QueryTranslatorFactoryInitiator] (ServerService Thread Pool -- 59) HHH000397: Using ASTQueryTranslatorFactory
2022-11-01 17:38:03,111 INFO  [org.keycloak.services] (ServerService Thread Pool -- 59) KC-SERVICES0050: Initializing master realm
2022-11-01 17:38:04,373 INFO  [org.jboss.resteasy.resteasy_jaxrs.i18n] (ServerService Thread Pool -- 59) RESTEASY002225: Deploying javax.ws.rs.core.Application: class org.keycloak.services.resources.KeycloakApplication
2022-11-01 17:38:04,376 INFO  [org.jboss.resteasy.resteasy_jaxrs.i18n] (ServerService Thread Pool -- 59) RESTEASY002200: Adding class resource org.keycloak.services.resources.ThemeResource from Application class org.keycloak.services.resources.KeycloakApplication
2022-11-01 17:38:04,377 INFO  [org.jboss.resteasy.resteasy_jaxrs.i18n] (ServerService Thread Pool -- 59) RESTEASY002200: Adding class resource org.keycloak.services.resources.JsResource from Application class org.keycloak.services.resources.KeycloakApplication
2022-11-01 17:38:04,378 INFO  [org.jboss.resteasy.resteasy_jaxrs.i18n] (ServerService Thread Pool -- 59) RESTEASY002205: Adding provider class org.keycloak.services.filters.KeycloakSecurityHeadersFilter from Application class org.keycloak.services.resources.KeycloakApplication
2022-11-01 17:38:04,379 INFO  [org.jboss.resteasy.resteasy_jaxrs.i18n] (ServerService Thread Pool -- 59) RESTEASY002205: Adding provider class org.keycloak.services.error.KeycloakErrorHandler from Application class org.keycloak.services.resources.KeycloakApplication
2022-11-01 17:38:04,379 INFO  [org.jboss.resteasy.resteasy_jaxrs.i18n] (ServerService Thread Pool -- 59) RESTEASY002210: Adding provider singleton org.keycloak.services.util.ObjectMapperResolver from Application class org.keycloak.services.resources.KeycloakApplication
2022-11-01 17:38:04,379 INFO  [org.jboss.resteasy.resteasy_jaxrs.i18n] (ServerService Thread Pool -- 59) RESTEASY002220: Adding singleton resource org.keycloak.services.resources.admin.AdminRoot from Application class org.keycloak.services.resources.KeycloakApplication
2022-11-01 17:38:04,379 INFO  [org.jboss.resteasy.resteasy_jaxrs.i18n] (ServerService Thread Pool -- 59) RESTEASY002220: Adding singleton resource org.keycloak.services.resources.WelcomeResource from Application class org.keycloak.services.resources.KeycloakApplication
2022-11-01 17:38:04,380 INFO  [org.jboss.resteasy.resteasy_jaxrs.i18n] (ServerService Thread Pool -- 59) RESTEASY002220: Adding singleton resource org.keycloak.services.resources.RobotsResource from Application class org.keycloak.services.resources.KeycloakApplication
2022-11-01 17:38:04,380 INFO  [org.jboss.resteasy.resteasy_jaxrs.i18n] (ServerService Thread Pool -- 59) RESTEASY002220: Adding singleton resource org.keycloak.services.resources.RealmsResource from Application class org.keycloak.services.resources.KeycloakApplication
2022-11-01 17:38:04,508 INFO  [org.wildfly.extension.undertow] (ServerService Thread Pool -- 59) WFLYUT0021: Registered web context: '/auth' for server 'default-server'
2022-11-01 17:38:04,616 INFO  [org.jboss.as.server] (ServerService Thread Pool -- 55) WFLYSRV0010: Deployed "keycloak-server.war" (runtime-name : "keycloak-server.war")
2022-11-01 17:38:04,699 INFO  [org.jboss.as.server] (Controller Boot Thread) WFLYSRV0212: Resuming server
2022-11-01 17:38:04,704 INFO  [org.jboss.as] (Controller Boot Thread) WFLYSRV0025: Keycloak 12.0.4 (WildFly Core 13.0.3.Final) started in 19726ms - Started 589 of 867 services (585 services are lazy, passive or on-demand)
2022-11-01 17:38:04,707 INFO  [org.jboss.as] (Controller Boot Thread) WFLYSRV0060: Http management interface listening on http://127.0.0.1:9990/management
2022-11-01 17:38:04,707 INFO  [org.jboss.as] (Controller Boot Thread) WFLYSRV0051: Admin console listening on http://127.0.0.1:9990
2022-11-01 17:38:42,674 INFO  [org.keycloak.services] (default task-1) KC-SERVICES0077: Created initial admin user with username admin
2022-11-01 17:39:06,211 INFO  [org.keycloak.keys.DefaultKeyManager] (default task-6) No keys found for realm=master and algorithm=HS256 for use=SIG. Generating keys.
2022-11-01 17:39:09,933 INFO  [org.keycloak.keys.DefaultKeyManager] (default task-6) No keys found for realm=master and algorithm=RS256 for use=SIG. Generating keys.
2022-11-01 18:47:42,624 INFO  [org.jboss.as.server] (Thread-2) WFLYSRV0272: Suspending server
2022-11-01 18:47:42,629 INFO  [org.jboss.as.ejb3] (Thread-2) WFLYEJB0493: EJB subsystem suspension complete
2022-11-01 18:47:42,657 INFO  [org.jboss.as.server] (Thread-2) WFLYSRV0220: Server shutdown has been requested via an OS signal
2022-11-01 18:47:42,738 INFO  [org.jboss.as.connector.subsystems.datasources] (MSC service thread 1-1) WFLYJCA0010: Unbound data source [java:jboss/datasources/KeycloakDS]
2022-11-01 18:47:42,773 INFO  [org.jboss.as.mail.extension] (MSC service thread 1-8) WFLYMAIL0002: Unbound mail session [java:jboss/mail/Default]
2022-11-01 18:47:42,791 INFO  [org.wildfly.extension.undertow] (MSC service thread 1-3) WFLYUT0008: Undertow HTTPS listener https suspending
2022-11-01 18:47:42,792 INFO  [org.wildfly.extension.undertow] (MSC service thread 1-3) WFLYUT0007: Undertow HTTPS listener https stopped, was bound to 127.0.0.1:8443
2022-11-01 18:47:42,889 INFO  [org.wildfly.extension.undertow] (ServerService Thread Pool -- 71) WFLYUT0022: Unregistered web context: '/auth' from server 'default-server'
2022-11-01 18:47:43,149 INFO  [org.wildfly.extension.undertow] (MSC service thread 1-4) WFLYUT0019: Host default-host stopping
2022-11-01 18:47:43,172 INFO  [org.jboss.as.connector.subsystems.datasources] (MSC service thread 1-5) WFLYJCA0010: Unbound data source [java:jboss/datasources/ExampleDS]
2022-11-01 18:47:43,187 INFO  [org.jboss.as.connector.deployers.jdbc] (MSC service thread 1-8) WFLYJCA0019: Stopped Driver service with driver-name = h2
2022-11-01 18:47:43,344 INFO  [org.wildfly.extension.undertow] (MSC service thread 1-4) WFLYUT0008: Undertow HTTP listener default suspending
2022-11-01 18:47:43,345 INFO  [org.wildfly.extension.undertow] (MSC service thread 1-4) WFLYUT0007: Undertow HTTP listener default stopped, was bound to 127.0.0.1:8080
2022-11-01 18:47:43,365 INFO  [org.wildfly.extension.undertow] (MSC service thread 1-4) WFLYUT0004: Undertow 2.2.2.Final stopping
2022-11-01 18:47:43,446 INFO  [org.jboss.as.clustering.infinispan] (ServerService Thread Pool -- 71) WFLYCLINF0003: Stopped clientSessions cache from keycloak container
2022-11-01 18:47:43,465 INFO  [org.jboss.as.clustering.infinispan] (ServerService Thread Pool -- 81) WFLYCLINF0003: Stopped authenticationSessions cache from keycloak container
2022-11-01 18:47:43,466 INFO  [org.jboss.as.clustering.infinispan] (ServerService Thread Pool -- 80) WFLYCLINF0003: Stopped loginFailures cache from keycloak container
2022-11-01 18:47:43,480 INFO  [org.jboss.as.clustering.infinispan] (ServerService Thread Pool -- 72) WFLYCLINF0003: Stopped actionTokens cache from keycloak container
2022-11-01 18:47:43,506 INFO  [org.jboss.as.clustering.infinispan] (ServerService Thread Pool -- 79) WFLYCLINF0003: Stopped keys cache from keycloak container
2022-11-01 18:47:43,511 INFO  [org.jboss.as.clustering.infinispan] (ServerService Thread Pool -- 75) WFLYCLINF0003: Stopped sessions cache from keycloak container
2022-11-01 18:47:43,511 INFO  [org.jboss.as.clustering.infinispan] (ServerService Thread Pool -- 78) WFLYCLINF0003: Stopped work cache from keycloak container
2022-11-01 18:47:43,517 INFO  [org.jboss.as.clustering.infinispan] (ServerService Thread Pool -- 59) WFLYCLINF0003: Stopped users cache from keycloak container
2022-11-01 18:47:43,513 INFO  [org.jboss.as.clustering.infinispan] (ServerService Thread Pool -- 76) WFLYCLINF0003: Stopped offlineClientSessions cache from keycloak container
2022-11-01 18:47:43,521 INFO  [org.jboss.as.clustering.infinispan] (ServerService Thread Pool -- 73) WFLYCLINF0003: Stopped offlineSessions cache from keycloak container
2022-11-01 18:47:43,520 INFO  [org.jboss.as.clustering.infinispan] (ServerService Thread Pool -- 82) WFLYCLINF0003: Stopped http-remoting-connector cache from ejb container
2022-11-01 18:47:43,527 INFO  [org.jboss.as.clustering.infinispan] (ServerService Thread Pool -- 77) WFLYCLINF0003: Stopped realms cache from keycloak container
2022-11-01 18:47:43,533 INFO  [org.jboss.as.clustering.infinispan] (ServerService Thread Pool -- 74) WFLYCLINF0003: Stopped authorization cache from keycloak container
2022-11-01 18:47:43,536 INFO  [org.infinispan.manager.DefaultCacheManager] (ServerService Thread Pool -- 74) Stopping cache manager null on null
2022-11-01 18:47:43,554 INFO  [org.infinispan.manager.DefaultCacheManager] (ServerService Thread Pool -- 83) Stopping cache manager null on null
2022-11-01 18:47:43,579 INFO  [org.jboss.as.server.deployment] (MSC service thread 1-2) WFLYSRV0028: Stopped deployment keycloak-server.war (runtime-name: keycloak-server.war) in 906ms
2022-11-01 18:47:43,625 INFO  [org.jboss.as] (MSC service thread 1-3) WFLYSRV0050: Keycloak 12.0.4 (WildFly Core 13.0.3.Final) stopped in 952ms
